2024-03-27T07:59:39+00:00 CRITICAL Uncaught TypeError: count(): Argument #1 ($value) must be of type Countable|array, bool given in D:\Xampp\htdocs\Shop_Dien_Thoai\wp-content\plugins\easy-custom-auto-excerpt\options-page-location.php:421
Stack trace:
#0 D:\Xampp\htdocs\Shop_Dien_Thoai\wp-content\plugins\easy-custom-auto-excerpt\options-page.php(342): require_once()
#1 D:\Xampp\htdocs\Shop_Dien_Thoai\wp-includes\class-wp-hook.php(324): tonjoo_ecae_options_do_page('')
#2 D:\Xampp\htdocs\Shop_Dien_Thoai\wp-includes\class-wp-hook.php(348): WP_Hook->apply_filters('', Array)
#3 D:\Xampp\htdocs\Shop_Dien_Thoai\wp-includes\plugin.php(517): WP_Hook->do_action(Array)
#4 D:\Xampp\htdocs\Shop_Dien_Thoai\wp-admin\admin.php(259): do_action('toplevel_page_t...')
#5 {main}
  thrown in D:\Xampp\htdocs\Shop_Dien_Thoai\wp-content\plugins\easy-custom-auto-excerpt\options-page-location.php on line 421

2024-03-27T08:00:24+00:00 CRITICAL Uncaught TypeError: count(): Argument #1 ($value) must be of type Countable|array, bool given in D:\Xampp\htdocs\Shop_Dien_Thoai\wp-content\plugins\easy-custom-auto-excerpt\options-page-location.php:421
Stack trace:
#0 D:\Xampp\htdocs\Shop_Dien_Thoai\wp-content\plugins\easy-custom-auto-excerpt\options-page.php(342): require_once()
#1 D:\Xampp\htdocs\Shop_Dien_Thoai\wp-includes\class-wp-hook.php(324): tonjoo_ecae_options_do_page('')
#2 D:\Xampp\htdocs\Shop_Dien_Thoai\wp-includes\class-wp-hook.php(348): WP_Hook->apply_filters('', Array)
#3 D:\Xampp\htdocs\Shop_Dien_Thoai\wp-includes\plugin.php(517): WP_Hook->do_action(Array)
#4 D:\Xampp\htdocs\Shop_Dien_Thoai\wp-admin\admin.php(259): do_action('toplevel_page_t...')
#5 {main}
  thrown in D:\Xampp\htdocs\Shop_Dien_Thoai\wp-content\plugins\easy-custom-auto-excerpt\options-page-location.php on line 421

2024-03-27T08:05:54+00:00 CRITICAL Uncaught TypeError: count(): Argument #1 ($value) must be of type Countable|array, bool given in D:\Xampp\htdocs\Shop_Dien_Thoai\wp-content\plugins\easy-custom-auto-excerpt\options-page-location.php:421
Stack trace:
#0 D:\Xampp\htdocs\Shop_Dien_Thoai\wp-content\plugins\easy-custom-auto-excerpt\options-page.php(342): require_once()
#1 D:\Xampp\htdocs\Shop_Dien_Thoai\wp-includes\class-wp-hook.php(324): tonjoo_ecae_options_do_page('')
#2 D:\Xampp\htdocs\Shop_Dien_Thoai\wp-includes\class-wp-hook.php(348): WP_Hook->apply_filters('', Array)
#3 D:\Xampp\htdocs\Shop_Dien_Thoai\wp-includes\plugin.php(517): WP_Hook->do_action(Array)
#4 D:\Xampp\htdocs\Shop_Dien_Thoai\wp-admin\admin.php(259): do_action('toplevel_page_t...')
#5 {main}
  thrown in D:\Xampp\htdocs\Shop_Dien_Thoai\wp-content\plugins\easy-custom-auto-excerpt\options-page-location.php on line 421

2024-03-27T08:11:24+00:00 CRITICAL Uncaught TypeError: count(): Argument #1 ($value) must be of type Countable|array, bool given in D:\Xampp\htdocs\Shop_Dien_Thoai\wp-content\plugins\easy-custom-auto-excerpt\options-page-location.php:421
Stack trace:
#0 D:\Xampp\htdocs\Shop_Dien_Thoai\wp-content\plugins\easy-custom-auto-excerpt\options-page.php(342): require_once()
#1 D:\Xampp\htdocs\Shop_Dien_Thoai\wp-includes\class-wp-hook.php(324): tonjoo_ecae_options_do_page('')
#2 D:\Xampp\htdocs\Shop_Dien_Thoai\wp-includes\class-wp-hook.php(348): WP_Hook->apply_filters('', Array)
#3 D:\Xampp\htdocs\Shop_Dien_Thoai\wp-includes\plugin.php(517): WP_Hook->do_action(Array)
#4 D:\Xampp\htdocs\Shop_Dien_Thoai\wp-admin\admin.php(259): do_action('toplevel_page_t...')
#5 {main}
  thrown in D:\Xampp\htdocs\Shop_Dien_Thoai\wp-content\plugins\easy-custom-auto-excerpt\options-page-location.php on line 421

